This is pdfTeX, Version 3.14159265-2.6-1.40.21 (TeX Live 2020/Debian) (preloaded format=pdflatex 2022.2.3)  11 MAR 2022 21:29
entering extended mode
 restricted \write18 enabled.
 file:line:error style messages enabled.
 %&-line parsing enabled.
**/home/ehelmirv/Documents/PracticasTeoria/Practica1/Reporte.tex
(/home/ehelmirv/Documents/PracticasTeoria/Practica1/Reporte.tex
LaTeX2e <2020-10-01> patch level 4
L3 programming layer <2021-01-09> xparse <2020-03-03> (/usr/share/texlive/texmf-dist/tex/latex/base/article.cls
Document Class: article 2020/04/10 v1.4m Standard LaTeX document class
(/usr/share/texlive/texmf-dist/tex/latex/base/size10.clo
File: size10.clo 2020/04/10 v1.4m Standard LaTeX file (size option)
)
\c@part=\count177
\c@section=\count178
\c@subsection=\count179
\c@subsubsection=\count180
\c@paragraph=\count181
\c@subparagraph=\count182
\c@figure=\count183
\c@table=\count184
\abovecaptionskip=\skip47
\belowcaptionskip=\skip48
\bibindent=\dimen138
) (/usr/share/texlive/texmf-dist/tex/latex/listings/listings.sty (/usr/share/texlive/texmf-dist/tex/latex/graphics/keyval.sty
Package: keyval 2014/10/28 v1.15 key=value parser (DPC)
\KV@toks@=\toks15
)
\lst@mode=\count185
\lst@gtempboxa=\box47
\lst@token=\toks16
\lst@length=\count186
\lst@currlwidth=\dimen139
\lst@column=\count187
\lst@pos=\count188
\lst@lostspace=\dimen140
\lst@width=\dimen141
\lst@newlines=\count189
\lst@lineno=\count190
\lst@maxwidth=\dimen142
 (/usr/share/texlive/texmf-dist/tex/latex/listings/lstmisc.sty
File: lstmisc.sty 2020/03/24 1.8d (Carsten Heinz)
\c@lstnumber=\count191
\lst@skipnumbers=\count192
\lst@framebox=\box48
) (/usr/share/texlive/texmf-dist/tex/latex/listings/listings.cfg
File: listings.cfg 2020/03/24 1.8d listings configuration
))
Package: listings 2020/03/24 1.8d (Carsten Heinz)
 (/usr/share/texlive/texmf-dist/tex/latex/graphics/graphicx.sty
Package: graphicx 2020/09/09 v1.2b Enhanced LaTeX Graphics (DPC,SPQR)
 (/usr/share/texlive/texmf-dist/tex/latex/graphics/graphics.sty
Package: graphics 2020/08/30 v1.4c Standard LaTeX Graphics (DPC,SPQR)
 (/usr/share/texlive/texmf-dist/tex/latex/graphics/trig.sty
Package: trig 2016/01/03 v1.10 sin cos tan (DPC)
) (/usr/share/texlive/texmf-dist/tex/latex/graphics-cfg/graphics.cfg
File: graphics.cfg 2016/06/04 v1.11 sample graphics configuration
)
Package graphics Info: Driver file: pdftex.def on input line 105.
 (/usr/share/texlive/texmf-dist/tex/latex/graphics-def/pdftex.def
File: pdftex.def 2020/10/05 v1.2a Graphics/color driver for pdftex
))
\Gin@req@height=\dimen143
\Gin@req@width=\dimen144
) (/usr/share/texlive/texmf-dist/tex/latex/l3backend/l3backend-pdftex.def
File: l3backend-pdftex.def 2020-01-29 L3 backend support: PDF output (pdfTeX)
\l__color_backend_stack_int=\count193
\l__pdf_internal_box=\box49
) (/home/ehelmirv/Documents/PracticasTeoria/Practica1/Reporte.aux)
\openout1 = `Reporte.aux'.

LaTeX Font Info:    Checking defaults for OML/cmm/m/it on input line 5.
LaTeX Font Info:    ... okay on input line 5.
LaTeX Font Info:    Checking defaults for OMS/cmsy/m/n on input line 5.
LaTeX Font Info:    ... okay on input line 5.
LaTeX Font Info:    Checking defaults for OT1/cmr/m/n on input line 5.
LaTeX Font Info:    ... okay on input line 5.
LaTeX Font Info:    Checking defaults for T1/cmr/m/n on input line 5.
LaTeX Font Info:    ... okay on input line 5.
LaTeX Font Info:    Checking defaults for TS1/cmr/m/n on input line 5.
LaTeX Font Info:    ... okay on input line 5.
LaTeX Font Info:    Checking defaults for OMX/cmex/m/n on input line 5.
LaTeX Font Info:    ... okay on input line 5.
LaTeX Font Info:    Checking defaults for U/cmr/m/n on input line 5.
LaTeX Font Info:    ... okay on input line 5.
\c@lstlisting=\count194
 (/usr/share/texlive/texmf-dist/tex/context/base/mkii/supp-pdf.mkii
[Loading MPS to PDF converter (version 2006.09.02).]
\scratchcounter=\count195
\scratchdimen=\dimen145
\scratchbox=\box50
\nofMPsegments=\count196
\nofMParguments=\count197
\everyMPshowfont=\toks17
\MPscratchCnt=\count198
\MPscratchDim=\dimen146
\MPnumerator=\count199
\makeMPintoPDFobject=\count266
\everyMPtoPDFconversion=\toks18
) (/usr/share/texlive/texmf-dist/tex/latex/epstopdf-pkg/epstopdf-base.sty
Package: epstopdf-base 2020-01-24 v2.11 Base part for package epstopdf
Package epstopdf-base Info: Redefining graphics rule for `.eps' on input line 485.
 (/usr/share/texlive/texmf-dist/tex/latex/latexconfig/epstopdf-sys.cfg
File: epstopdf-sys.cfg 2010/07/13 v1.3 Configuration of (r)epstopdf for TeX Live
)) [1

{/var/lib/texmf/fonts/map/pdftex/updmap/pdftex.map}] (/home/ehelmirv/Documents/PracticasTeoria/Practica1/Reporte.toc
LaTeX Font Info:    External font `cmex10' loaded for size
(Font)              <7> on input line 4.
LaTeX Font Info:    External font `cmex10' loaded for size
(Font)              <5> on input line 4.
)
\tf@toc=\write3
\openout3 = `Reporte.toc'.

 [1]
Underfull \hbox (badness 10000) in paragraph at lines 42--45

 []


Underfull \hbox (badness 10000) in paragraph at lines 45--53

 []


Underfull \hbox (badness 10000) in paragraph at lines 45--53

 []


Underfull \hbox (badness 10000) in paragraph at lines 53--54

 []


Underfull \hbox (badness 10000) in paragraph at lines 54--55

 []


Underfull \hbox (badness 10000) in paragraph at lines 55--56

 []


Overfull \hbox (10.86406pt too wide) in paragraph at lines 58--61
[]\OT1/cmr/m/n/10 Permutas ($\OML/cmm/m/it/10 n\OT1/cmr/m/n/10 !$): Cuando un al-go-ritmo tiene un coste fac-to-rial es pr^^Sacticamente
 []

[2]
Overfull \hbox (21.00372pt too wide) in paragraph at lines 97--99
[][][][][][][][][][][][][][][][][][][][][][] 
 []


Overfull \hbox (3.00354pt too wide) in paragraph at lines 100--101
[][][][][][][][][][][][][][][][][][][][][][] 
 []

[3]
Overfull \hbox (279.00635pt too wide) in paragraph at lines 117--118
[][][][][][][][][][][][][][][][][][][][][][][][][][][][][][][][][][][][][][] 
 []


Overfull \hbox (279.00635pt too wide) in paragraph at lines 123--125
[][][][][][][][][][][][][][][][][][][][][][][][][][][][][][][][][][][][][][] 
 []

LaTeX Font Info:    Trying to load font information for OMS+cmr on input line 129.
(/usr/share/texlive/texmf-dist/tex/latex/base/omscmr.fd
File: omscmr.fd 2019/12/16 v2.5j Standard LaTeX font definitions
)
LaTeX Font Info:    Font shape `OMS/cmr/m/n' in size <10> not available
(Font)              Font shape `OMS/cmsy/m/n' tried instead on input line 129.
LaTeX Font Info:    Trying to load font information for OML+cmr on input line 135.
 (/usr/share/texlive/texmf-dist/tex/latex/base/omlcmr.fd
File: omlcmr.fd 2019/12/16 v2.5j Standard LaTeX font definitions
)
LaTeX Font Info:    Font shape `OML/cmr/m/n' in size <10> not available
(Font)              Font shape `OML/cmm/m/it' tried instead on input line 135.

Overfull \hbox (249.00604pt too wide) in paragraph at lines 143--144
[][][][][][][][][][][][][][][][][][][][][][][][][] 
 []


Overfull \hbox (27.00378pt too wide) in paragraph at lines 144--145
[][][][][][][][][][][][][][][][][][] 
 []

[4]
Overfull \hbox (273.00629pt too wide) in paragraph at lines 149--150
[][][][][][][][][][][][][][][][][][][][][][][][][][] 
 []


Overfull \hbox (3.00354pt too wide) in paragraph at lines 150--151
[][][][][][][][][][][][][][][][][][] 
 []


Overfull \hbox (297.00653pt too wide) in paragraph at lines 155--156
[][][][][][][][][][][][][][][][][][][][][][][][][][][] 
 []


Overfull \hbox (3.00354pt too wide) in paragraph at lines 156--157
[][][][][][][][][][][][][][][][][][] 
 []


Overfull \hbox (273.00629pt too wide) in paragraph at lines 161--162
[][][][][][][][][][][][][][][][][][][][][][][][][][] 
 []


Overfull \hbox (33.00385pt too wide) in paragraph at lines 162--163
[][][][][][][][][][][][][][][][][][][][] 
 []


Overfull \hbox (15.00366pt too wide) in paragraph at lines 181--182
[][][][][][][][][][][][][][][][][][][][][][][] 
 []

[5]
Overfull \hbox (129.00482pt too wide) in paragraph at lines 196--197
[][][][][][][][][][][][][][][][][][][][][][][][][][][][][][][][][] 
 []


Overfull \hbox (75.00427pt too wide) in paragraph at lines 198--199
[][][][][][][][][][][][][][][][][][][][] 
 []


Overfull \hbox (27.00378pt too wide) in paragraph at lines 209--210
[][][][][][][][][][][][][][][][] 
 []

<Graph1.png, id=35, 462.528pt x 346.896pt>
File: Graph1.png Graphic file (type png)
<use Graph1.png>
Package pdftex.def Info: Graph1.png  used on input line 216.
(pdftex.def)             Requested size: 462.52686pt x 346.89514pt.
<Graph2.png, id=37, 462.528pt x 346.896pt>
File: Graph2.png Graphic file (type png)
<use Graph2.png>
Package pdftex.def Info: Graph2.png  used on input line 217.
(pdftex.def)             Requested size: 462.52686pt x 346.89514pt.
<Graph3.png, id=38, 462.528pt x 346.896pt>
File: Graph3.png Graphic file (type png)
<use Graph3.png>
Package pdftex.def Info: Graph3.png  used on input line 218.
(pdftex.def)             Requested size: 462.52686pt x 346.89514pt.
<Graph4.png, id=39, 462.528pt x 346.896pt>
File: Graph4.png Graphic file (type png)
<use Graph4.png>
Package pdftex.def Info: Graph4.png  used on input line 219.
(pdftex.def)             Requested size: 462.52686pt x 346.89514pt.
<Archivo.png, id=40, 316.18124pt x 368.1253pt>
File: Archivo.png Graphic file (type png)
<use Archivo.png>
Package pdftex.def Info: Archivo.png  used on input line 222.
(pdftex.def)             Requested size: 316.18047pt x 368.1244pt.

Overfull \hbox (117.52686pt too wide) in paragraph at lines 215--223
[]
 []


Overfull \hbox (117.52686pt too wide) in paragraph at lines 215--223
[]
 []


Overfull \hbox (117.52686pt too wide) in paragraph at lines 215--223
[]
 []


Overfull \hbox (117.52686pt too wide) in paragraph at lines 215--223
[]
 []


Underfull \hbox (badness 10000) in paragraph at lines 215--223

 []

[6] [7 </home/ehelmirv/Documents/PracticasTeoria/Practica1/Graph1.png>] [8 </home/ehelmirv/Documents/PracticasTeoria/Practica1/Graph2.png>] [9 </home/ehelmirv/Documents/PracticasTeoria/Practica1/Graph3.png>] [10 </home/ehelmirv/Documents/PracticasTeoria/Practica1/Graph4.png>] [11 </home/ehelmirv/Documents/PracticasTeoria/Practica1/Archivo.png (PNG copy)>]
Overfull \hbox (82.76942pt too wide) in paragraph at lines 232--233
[]\OT1/cmr/m/n/10 itertools - Bib-lioteca para hacer it-era-ciones. https://docs.python.org/3/library/itertools.html 
 []

[12] (/home/ehelmirv/Documents/PracticasTeoria/Practica1/Reporte.aux) ) 
Here is how much of TeX's memory you used:
 2899 strings out of 481252
 41393 string characters out of 5915889
 357033 words of memory out of 5000000
 19852 multiletter control sequences out of 15000+600000
 406885 words of font info for 38 fonts, out of 8000000 for 9000
 14 hyphenation exceptions out of 8191
 68i,5n,74p,319b,1518s stack positions out of 5000i,500n,10000p,200000b,80000s
 </home/ehelmirv/.texlive2020/texmf-var/fonts/pk/ljfour/jknappen/ec/tcrm1000.600pk></usr/share/texlive/texmf-dist/fonts/type1/public/amsfonts/cm/cmbx10.pfb></usr/share/texlive/texmf-dist/fonts/type1/public/amsfonts/cm/cmbx12.pfb></usr/share/texlive/texmf-dist/fonts/type1/public/amsfonts/cm/cmcsc10.pfb></usr/share/texlive/texmf-dist/fonts/type1/public/amsfonts/cm/cmex10.pfb></usr/share/texlive/texmf-dist/fonts/type1/public/amsfonts/cm/cmmi10.pfb></usr/share/texlive/texmf-dist/fonts/type1/public/amsfonts/cm/cmmi7.pfb></usr/share/texlive/texmf-dist/fonts/type1/public/amsfonts/cm/cmr10.pfb></usr/share/texlive/texmf-dist/fonts/type1/public/amsfonts/cm/cmr12.pfb></usr/share/texlive/texmf-dist/fonts/type1/public/amsfonts/cm/cmr7.pfb></usr/share/texlive/texmf-dist/fonts/type1/public/amsfonts/cm/cmsy10.pfb></usr/share/texlive/texmf-dist/fonts/type1/public/amsfonts/cm/cmsy7.pfb></usr/share/texlive/texmf-dist/fonts/type1/public/amsfonts/cm/cmti10.pfb></usr/share/texlive/texmf-dist/fonts/type1/public/amsfonts/cm/cmti12.pfb>
Output written on /home/ehelmirv/Documents/PracticasTeoria/Practica1/Reporte.pdf (13 pages, 256461 bytes).
PDF statistics:
 116 PDF objects out of 1000 (max. 8388607)
 75 compressed objects within 1 object stream
 0 named destinations out of 1000 (max. 500000)
 26 words of extra memory for PDF output out of 10000 (max. 10000000)

